INFO    : PreTeXt project found in `C:\Users\kyosh\pretext\core-math`.
INFO    : Since no build target was supplied, the first target of the project.ptx manifest (web) will be built.
WARNING : Assets like latex-images will not be regenerated for this build
WARNING : (previously generated assets will be used if they exist).
WARNING : To generate these assets before building, run `pretext build -g`.
INFO    : Preparing to build into C:\Users\kyosh\pretext\core-math\output\html.
INFO    : 
Now building HTML into C:\Users\kyosh\pretext\core-math\output\html

INFO    : discovering source file's directory name: C:\Users\kyosh\pretext\core-math\source
INFO    : verifying and expanding input directory: C:\Users\kyosh\pretext\core-math\source\../generated-assets
INFO    : input directory expanded to absolute path: C:\Users\kyosh\pretext\core-math\generated-assets
INFO    : verifying and expanding input directory: C:\Users\kyosh\pretext\core-math\source\../assets
INFO    : input directory expanded to absolute path: C:\Users\kyosh\pretext\core-math\assets
INFO    : Runestone Services (via PreTeXt repository): version 6.5.0
INFO    : Runestone Services (using newer, via online CDN query): version 6.6.2
INFO    : converting C:\Users\kyosh\pretext\core-math\source\main.ptx to HTML in C:\Users\kyosh\AppData\Local\Temp\tmpq7sv4he4
INFO    : XSL conversion of C:\Users\kyosh\pretext\core-math\source\main.ptx by C:\Users\kyosh\.ptx\xsl\pretext-html.xsl
INFO    : comprehensive messages, warnings, and errors:
INFO    : successful application of C:\Users\kyosh\.ptx\xsl\pretext-html.xsl
INFO    : Removing temporary directory C:\Users\kyosh\AppData\Local\Temp\tmpq7sv4he4
INFO    : 
Success! Run `pretext view web` to see the results.

