INFO    : PreTeXt-CLI version: 2.6.1

INFO    : PreTeXt project found in `C:\Users\byosh\core-math`.
WARNING : Using CLI version 2.6.1 but project's `requirements.txt`
WARNING : is configured to use 1.5.1. Consider either installing
WARNING : CLI version 1.5.1 or running `pretext init --refresh`
WARNING : to update `requirements.txt` to match 2.6.1.
INFO    : Building target web
INFO    : Preparing to build into C:\Users\byosh\core-math\output\html.
INFO    : discovering source file's directory name: C:\Users\byosh\core-math\source
INFO    : verifying and expanding input directory: C:\Users\byosh\core-math\source\../generated-assets
INFO    : input directory expanded to absolute path: C:\Users\byosh\core-math\generated-assets
INFO    : verifying and expanding input directory: C:\Users\byosh\core-math\source\../assets
INFO    : input directory expanded to absolute path: C:\Users\byosh\core-math\assets
INFO    : Runestone Services (via PreTeXt repository): version 7.3.3
INFO    : Runestone Services (using newer, via online CDN query): version 7.4.3
INFO    : Using existing Runestone Services located in C:/Users/byosh/core-math/output/html\_static. Delete Runestone files there to force a fresh download.
INFO    : converting C:\Users\byosh\core-math\source\main.ptx to HTML in C:\Users\byosh\AppData\Local\Temp\ptx-bc45vtp2
INFO    : XSL conversion of C:\Users\byosh\core-math\source\main.ptx by C:\Users\byosh\.ptx\2.6.1\core\xsl\pretext-html.xsl
INFO    : messages from the log for XSL processing:
ERROR   : * PTX:ERROR:   a <tabular> has at least one paragraph (<p>) inside a <cell>, yet there are no <col> elements with a @width attribute.  Default widths will be supplied.
INFO    : *              located within: "prac-7-4" (xml:id), "Practice 7-4" (title)
ERROR   : * PTX:ERROR:   a <tabular> has at least one paragraph (<p>) inside a <cell>, yet there are no <col> elements with a @width attribute.  Default widths will be supplied.
INFO    : *              located within: "prac-7-4" (xml:id), "Practice 7-4" (title)
INFO    : successful application of C:\Users\byosh\.ptx\2.6.1\core\xsl\pretext-html.xsl
INFO    : 
Success! Run `pretext view` to see the results.

INFO    : 
----------------------------------------------------
INFO    : While running pretext, the following errors occurred:

INFO    : (see log messages above or in the 'logs' folder for more information)
INFO    : ----------------------------------------------------
